<?xml version="1.0" encoding="UTF-8"?>
<coverage generated="1708358704">
  <project timestamp="1708358704">
    <file name="C:\xampp\htdocs\projet8_OpenClassrooms\TodoList\src\Controller\DefaultController.php">
      <class name="App\Controller\DefaultController" namespace="global">
        <metrics complexity="1" methods="1" coveredmethods="1" conditionals="0" coveredconditionals="0" statements="1" coveredstatements="1" elements="2" coveredelements="2"/>
      </class>
      <line num="10" type="method" name="indexAction" visibility="public" complexity="1" crap="1" count="2"/>
      <line num="13" type="stmt" count="2"/>
      <metrics loc="16" ncloc="16" classes="1" methods="1" coveredmethods="1" conditionals="0" coveredconditionals="0" statements="1" coveredstatements="1" elements="2" coveredelements="2"/>
    </file>
    <file name="C:\xampp\htdocs\projet8_OpenClassrooms\TodoList\src\Controller\SecurityController.php">
      <class name="App\Controller\SecurityController" namespace="global">
        <metrics complexity="2" methods="2" coveredmethods="1" conditionals="0" coveredconditionals="0" statements="10" coveredstatements="9" elements="12" coveredelements="10"/>
      </class>
      <line num="13" type="method" name="login" visibility="public" complexity="1" crap="1" count="6"/>
      <line num="17" type="stmt" count="6"/>
      <line num="19" type="stmt" count="6"/>
      <line num="21" type="stmt" count="6"/>
      <line num="22" type="stmt" count="6"/>
      <line num="23" type="stmt" count="6"/>
      <line num="24" type="stmt" count="6"/>
      <line num="25" type="stmt" count="6"/>
      <line num="26" type="stmt" count="6"/>
      <line num="27" type="stmt" count="6"/>
      <line num="31" type="method" name="logout" visibility="public" complexity="1" crap="2" count="0"/>
      <line num="34" type="stmt" count="0"/>
      <metrics loc="37" ncloc="35" classes="1" methods="2" coveredmethods="1" conditionals="0" coveredconditionals="0" statements="10" coveredstatements="9" elements="12" coveredelements="10"/>
    </file>
    <file name="C:\xampp\htdocs\projet8_OpenClassrooms\TodoList\src\Controller\TaskController.php">
      <class name="App\Controller\TaskController" namespace="global">
        <metrics complexity="11" methods="7" coveredmethods="7" conditionals="0" coveredconditionals="0" statements="45" coveredstatements="45" elements="52" coveredelements="52"/>
      </class>
      <line num="19" type="method" name="listAction" visibility="public" complexity="1" crap="1" count="2"/>
      <line num="22" type="stmt" count="2"/>
      <line num="23" type="stmt" count="2"/>
      <line num="24" type="stmt" count="2"/>
      <line num="25" type="stmt" count="2"/>
      <line num="26" type="stmt" count="2"/>
      <line num="27" type="stmt" count="2"/>
      <line num="28" type="stmt" count="2"/>
      <line num="31" type="method" name="tasksToDo" visibility="public" complexity="1" crap="1" count="1"/>
      <line num="34" type="stmt" count="1"/>
      <line num="35" type="stmt" count="1"/>
      <line num="36" type="stmt" count="1"/>
      <line num="37" type="stmt" count="1"/>
      <line num="40" type="method" name="tasksCompleted" visibility="public" complexity="1" crap="1" count="1"/>
      <line num="43" type="stmt" count="1"/>
      <line num="44" type="stmt" count="1"/>
      <line num="45" type="stmt" count="1"/>
      <line num="46" type="stmt" count="1"/>
      <line num="49" type="method" name="createAction" visibility="public" complexity="3" crap="3" count="1"/>
      <line num="52" type="stmt" count="1"/>
      <line num="54" type="stmt" count="1"/>
      <line num="55" type="stmt" count="1"/>
      <line num="57" type="stmt" count="1"/>
      <line num="59" type="stmt" count="1"/>
      <line num="60" type="stmt" count="1"/>
      <line num="61" type="stmt" count="1"/>
      <line num="62" type="stmt" count="1"/>
      <line num="64" type="stmt" count="1"/>
      <line num="66" type="stmt" count="1"/>
      <line num="69" type="stmt" count="1"/>
      <line num="72" type="method" name="editAction" visibility="public" complexity="3" crap="3" count="1"/>
      <line num="75" type="stmt" count="1"/>
      <line num="76" type="stmt" count="1"/>
      <line num="78" type="stmt" count="1"/>
      <line num="80" type="stmt" count="1"/>
      <line num="81" type="stmt" count="1"/>
      <line num="83" type="stmt" count="1"/>
      <line num="86" type="stmt" count="1"/>
      <line num="87" type="stmt" count="1"/>
      <line num="88" type="stmt" count="1"/>
      <line num="89" type="stmt" count="1"/>
      <line num="92" type="method" name="toggleTaskAction" visibility="public" complexity="1" crap="1" count="1"/>
      <line num="95" type="stmt" count="1"/>
      <line num="96" type="stmt" count="1"/>
      <line num="97" type="stmt" count="1"/>
      <line num="99" type="stmt" count="1"/>
      <line num="101" type="stmt" count="1"/>
      <line num="104" type="method" name="deleteTaskAction" visibility="public" complexity="1" crap="1" count="3"/>
      <line num="107" type="stmt" count="3"/>
      <line num="108" type="stmt" count="3"/>
      <line num="110" type="stmt" count="3"/>
      <line num="112" type="stmt" count="3"/>
      <metrics loc="115" ncloc="115" classes="1" methods="7" coveredmethods="7" conditionals="0" coveredconditionals="0" statements="45" coveredstatements="45" elements="52" coveredelements="52"/>
    </file>
    <file name="C:\xampp\htdocs\projet8_OpenClassrooms\TodoList\src\Controller\UserController.php">
      <class name="App\Controller\UserController" namespace="global">
        <metrics complexity="8" methods="4" coveredmethods="4" conditionals="0" coveredconditionals="0" statements="34" coveredstatements="34" elements="38" coveredelements="38"/>
      </class>
      <line num="20" type="method" name="listAction" visibility="public" complexity="1" crap="1" count="2"/>
      <line num="23" type="stmt" count="2"/>
      <line num="26" type="method" name="createAction" visibility="public" complexity="3" crap="3" count="1"/>
      <line num="29" type="stmt" count="1"/>
      <line num="30" type="stmt" count="1"/>
      <line num="32" type="stmt" count="1"/>
      <line num="34" type="stmt" count="1"/>
      <line num="36" type="stmt" count="1"/>
      <line num="37" type="stmt" count="1"/>
      <line num="38" type="stmt" count="1"/>
      <line num="39" type="stmt" count="1"/>
      <line num="40" type="stmt" count="1"/>
      <line num="41" type="stmt" count="1"/>
      <line num="43" type="stmt" count="1"/>
      <line num="44" type="stmt" count="1"/>
      <line num="46" type="stmt" count="1"/>
      <line num="48" type="stmt" count="1"/>
      <line num="51" type="stmt" count="1"/>
      <line num="54" type="method" name="editAction" visibility="public" complexity="3" crap="3" count="1"/>
      <line num="57" type="stmt" count="1"/>
      <line num="59" type="stmt" count="1"/>
      <line num="61" type="stmt" count="1"/>
      <line num="62" type="stmt" count="1"/>
      <line num="63" type="stmt" count="1"/>
      <line num="64" type="stmt" count="1"/>
      <line num="65" type="stmt" count="1"/>
      <line num="66" type="stmt" count="1"/>
      <line num="67" type="stmt" count="1"/>
      <line num="69" type="stmt" count="1"/>
      <line num="70" type="stmt" count="1"/>
      <line num="72" type="stmt" count="1"/>
      <line num="74" type="stmt" count="1"/>
      <line num="77" type="stmt" count="1"/>
      <line num="80" type="method" name="delete" visibility="public" complexity="1" crap="1" count="1"/>
      <line num="84" type="stmt" count="1"/>
      <line num="85" type="stmt" count="1"/>
      <line num="87" type="stmt" count="1"/>
      <line num="88" type="stmt" count="1"/>
      <metrics loc="93" ncloc="92" classes="1" methods="4" coveredmethods="4" conditionals="0" coveredconditionals="0" statements="34" coveredstatements="34" elements="38" coveredelements="38"/>
    </file>
    <file name="C:\xampp\htdocs\projet8_OpenClassrooms\TodoList\src\Entity\Task.php">
      <class name="App\Entity\Task" namespace="global">
        <metrics complexity="12" methods="12" coveredmethods="12" conditionals="0" coveredconditionals="0" statements="17" coveredstatements="17" elements="29" coveredelements="29"/>
      </class>
      <line num="44" type="method" name="__construct" visibility="public" complexity="1" crap="1" count="10"/>
      <line num="46" type="stmt" count="10"/>
      <line num="47" type="stmt" count="10"/>
      <line num="50" type="method" name="getId" visibility="public" complexity="1" crap="1" count="9"/>
      <line num="52" type="stmt" count="9"/>
      <line num="55" type="method" name="getTitle" visibility="public" complexity="1" crap="1" count="7"/>
      <line num="57" type="stmt" count="7"/>
      <line num="60" type="method" name="setTitle" visibility="public" complexity="1" crap="1" count="8"/>
      <line num="62" type="stmt" count="8"/>
      <line num="64" type="stmt" count="8"/>
      <line num="67" type="method" name="getContent" visibility="public" complexity="1" crap="1" count="7"/>
      <line num="69" type="stmt" count="7"/>
      <line num="72" type="method" name="setContent" visibility="public" complexity="1" crap="1" count="8"/>
      <line num="74" type="stmt" count="8"/>
      <line num="76" type="stmt" count="8"/>
      <line num="79" type="method" name="isDone" visibility="public" complexity="1" crap="1" count="5"/>
      <line num="81" type="stmt" count="5"/>
      <line num="84" type="method" name="toggle" visibility="public" complexity="1" crap="1" count="2"/>
      <line num="86" type="stmt" count="2"/>
      <line num="89" type="method" name="getCreatedAt" visibility="public" complexity="1" crap="1" count="1"/>
      <line num="91" type="stmt" count="1"/>
      <line num="94" type="method" name="setCreatedAt" visibility="public" complexity="1" crap="1" count="6"/>
      <line num="96" type="stmt" count="6"/>
      <line num="98" type="stmt" count="6"/>
      <line num="101" type="method" name="getUser" visibility="public" complexity="1" crap="1" count="7"/>
      <line num="103" type="stmt" count="7"/>
      <line num="106" type="method" name="setUser" visibility="public" complexity="1" crap="1" count="7"/>
      <line num="108" type="stmt" count="7"/>
      <line num="110" type="stmt" count="7"/>
      <metrics loc="114" ncloc="114" classes="1" methods="12" coveredmethods="12" conditionals="0" coveredconditionals="0" statements="17" coveredstatements="17" elements="29" coveredelements="29"/>
    </file>
    <file name="C:\xampp\htdocs\projet8_OpenClassrooms\TodoList\src\Entity\User.php">
      <class name="App\Entity\User" namespace="global">
        <metrics complexity="18" methods="15" coveredmethods="14" conditionals="0" coveredconditionals="0" statements="27" coveredstatements="25" elements="42" coveredelements="39"/>
      </class>
      <line num="62" type="method" name="__construct" visibility="public" complexity="1" crap="1" count="8"/>
      <line num="64" type="stmt" count="8"/>
      <line num="68" type="method" name="getId" visibility="public" complexity="1" crap="1" count="4"/>
      <line num="70" type="stmt" count="4"/>
      <line num="73" type="method" name="getUsername" visibility="public" complexity="1" crap="1" count="5"/>
      <line num="75" type="stmt" count="5"/>
      <line num="78" type="method" name="setUsername" visibility="public" complexity="1" crap="1" count="8"/>
      <line num="80" type="stmt" count="8"/>
      <line num="82" type="stmt" count="8"/>
      <line num="90" type="method" name="getUserIdentifier" visibility="public" complexity="1" crap="1" count="16"/>
      <line num="92" type="stmt" count="16"/>
      <line num="98" type="method" name="getRoles" visibility="public" complexity="1" crap="1" count="20"/>
      <line num="100" type="stmt" count="20"/>
      <line num="102" type="stmt" count="20"/>
      <line num="104" type="stmt" count="20"/>
      <line num="107" type="method" name="setRoles" visibility="public" complexity="1" crap="1" count="6"/>
      <line num="109" type="stmt" count="6"/>
      <line num="111" type="stmt" count="6"/>
      <line num="116" type="method" name="eraseCredentials" visibility="public" complexity="1" crap="1" count="1"/>
      <line num="119" type="stmt" count="1"/>
      <line num="124" type="method" name="getPassword" visibility="public" complexity="1" crap="1" count="18"/>
      <line num="126" type="stmt" count="18"/>
      <line num="129" type="method" name="setPassword" visibility="public" complexity="1" crap="1" count="9"/>
      <line num="131" type="stmt" count="9"/>
      <line num="133" type="stmt" count="9"/>
      <line num="137" type="method" name="getEmail" visibility="public" complexity="1" crap="1" count="5"/>
      <line num="139" type="stmt" count="5"/>
      <line num="142" type="method" name="setEmail" visibility="public" complexity="1" crap="1" count="8"/>
      <line num="144" type="stmt" count="8"/>
      <line num="146" type="stmt" count="8"/>
      <line num="152" type="method" name="getTasks" visibility="public" complexity="1" crap="1" count="3"/>
      <line num="154" type="stmt" count="3"/>
      <line num="157" type="method" name="addTask" visibility="public" complexity="2" crap="2" count="2"/>
      <line num="159" type="stmt" count="2"/>
      <line num="160" type="stmt" count="2"/>
      <line num="161" type="stmt" count="2"/>
      <line num="164" type="stmt" count="2"/>
      <line num="167" type="method" name="removeTask" visibility="public" complexity="3" crap="4.12" count="1"/>
      <line num="169" type="stmt" count="1"/>
      <line num="171" type="stmt" count="0"/>
      <line num="172" type="stmt" count="0"/>
      <line num="176" type="stmt" count="1"/>
      <metrics loc="179" ncloc="156" classes="1" methods="15" coveredmethods="14" conditionals="0" coveredconditionals="0" statements="27" coveredstatements="25" elements="42" coveredelements="39"/>
    </file>
    <file name="C:\xampp\htdocs\projet8_OpenClassrooms\TodoList\src\Form\TaskType.php">
      <class name="App\Form\TaskType" namespace="global">
        <metrics complexity="2" methods="2" coveredmethods="2" conditionals="0" coveredconditionals="0" statements="8" coveredstatements="8" elements="10" coveredelements="10"/>
      </class>
      <line num="13" type="method" name="buildForm" visibility="public" complexity="1" crap="1" count="2"/>
      <line num="15" type="stmt" count="2"/>
      <line num="16" type="stmt" count="2"/>
      <line num="17" type="stmt" count="2"/>
      <line num="18" type="stmt" count="2"/>
      <line num="19" type="stmt" count="2"/>
      <line num="22" type="method" name="configureOptions" visibility="public" complexity="1" crap="1" count="2"/>
      <line num="24" type="stmt" count="2"/>
      <line num="25" type="stmt" count="2"/>
      <line num="26" type="stmt" count="2"/>
      <metrics loc="29" ncloc="29" classes="1" methods="2" coveredmethods="2" conditionals="0" coveredconditionals="0" statements="8" coveredstatements="8" elements="10" coveredelements="10"/>
    </file>
    <file name="C:\xampp\htdocs\projet8_OpenClassrooms\TodoList\src\Form\UserType.php">
      <class name="App\Form\UserType" namespace="global">
        <metrics complexity="2" methods="1" coveredmethods="1" conditionals="0" coveredconditionals="0" statements="28" coveredstatements="28" elements="29" coveredelements="29"/>
      </class>
      <line num="16" type="method" name="buildForm" visibility="public" complexity="2" crap="2" count="2"/>
      <line num="18" type="stmt" count="2"/>
      <line num="19" type="stmt" count="2"/>
      <line num="20" type="stmt" count="2"/>
      <line num="21" type="stmt" count="2"/>
      <line num="22" type="stmt" count="2"/>
      <line num="23" type="stmt" count="2"/>
      <line num="24" type="stmt" count="2"/>
      <line num="25" type="stmt" count="2"/>
      <line num="26" type="stmt" count="2"/>
      <line num="27" type="stmt" count="2"/>
      <line num="28" type="stmt" count="2"/>
      <line num="29" type="stmt" count="2"/>
      <line num="30" type="stmt" count="2"/>
      <line num="31" type="stmt" count="2"/>
      <line num="32" type="stmt" count="2"/>
      <line num="33" type="stmt" count="2"/>
      <line num="34" type="stmt" count="2"/>
      <line num="35" type="stmt" count="2"/>
      <line num="36" type="stmt" count="2"/>
      <line num="37" type="stmt" count="2"/>
      <line num="38" type="stmt" count="2"/>
      <line num="39" type="stmt" count="2"/>
      <line num="40" type="stmt" count="2"/>
      <line num="41" type="stmt" count="2"/>
      <line num="42" type="stmt" count="2"/>
      <line num="43" type="stmt" count="2"/>
      <line num="44" type="stmt" count="2"/>
      <line num="45" type="stmt" count="2"/>
      <metrics loc="48" ncloc="48" classes="1" methods="1" coveredmethods="1" conditionals="0" coveredconditionals="0" statements="28" coveredstatements="28" elements="29" coveredelements="29"/>
    </file>
    <file name="C:\xampp\htdocs\projet8_OpenClassrooms\TodoList\src\Kernel.php">
      <class name="App\Kernel" namespace="global">
        <metrics complexity="0" methods="0" coveredmethods="0" conditionals="0" coveredconditionals="0" statements="0" coveredstatements="0" elements="0" coveredelements="0"/>
      </class>
      <metrics loc="12" ncloc="12" classes="0" methods="0" coveredmethods="0" conditionals="0" coveredconditionals="0" statements="0" coveredstatements="0" elements="0" coveredelements="0"/>
    </file>
    <file name="C:\xampp\htdocs\projet8_OpenClassrooms\TodoList\src\Security\UserAuthenticator.php">
      <class name="App\Security\UserAuthenticator" namespace="global">
        <metrics complexity="5" methods="3" coveredmethods="3" conditionals="0" coveredconditionals="0" statements="10" coveredstatements="10" elements="13" coveredelements="13"/>
      </class>
      <line num="24" type="method" name="__construct" visibility="public" complexity="1" crap="1" count="21"/>
      <line num="26" type="stmt" count="21"/>
      <line num="28" type="method" name="authenticate" visibility="public" complexity="1" crap="1" count="2"/>
      <line num="30" type="stmt" count="2"/>
      <line num="32" type="stmt" count="2"/>
      <line num="34" type="stmt" count="2"/>
      <line num="35" type="stmt" count="2"/>
      <line num="36" type="stmt" count="2"/>
      <line num="37" type="stmt" count="2"/>
      <line num="38" type="stmt" count="2"/>
      <line num="39" type="stmt" count="2"/>
      <line num="55" type="method" name="getLoginUrl" visibility="protected" complexity="1" crap="1" count="11"/>
      <line num="57" type="stmt" count="11"/>
      <metrics loc="60" ncloc="56" classes="1" methods="3" coveredmethods="3" conditionals="0" coveredconditionals="0" statements="10" coveredstatements="10" elements="13" coveredelements="13"/>
    </file>
    <file name="C:\xampp\htdocs\projet8_OpenClassrooms\TodoList\src\Security\Voter\TaskVoter.php">
      <class name="App\Security\Voter\TaskVoter" namespace="global">
        <metrics complexity="7" methods="2" coveredmethods="2" conditionals="0" coveredconditionals="0" statements="10" coveredstatements="10" elements="12" coveredelements="12"/>
      </class>
      <line num="13" type="method" name="supports" visibility="protected" complexity="2" crap="2" count="18"/>
      <line num="17" type="stmt" count="18"/>
      <line num="18" type="stmt" count="18"/>
      <line num="21" type="method" name="voteOnAttribute" visibility="protected" complexity="5" crap="5" count="8"/>
      <line num="23" type="stmt" count="8"/>
      <line num="25" type="stmt" count="8"/>
      <line num="26" type="stmt" count="1"/>
      <line num="29" type="stmt" count="7"/>
      <line num="30" type="stmt" count="1"/>
      <line num="33" type="stmt" count="6"/>
      <line num="34" type="stmt" count="3"/>
      <line num="37" type="stmt" count="5"/>
      <metrics loc="40" ncloc="35" classes="1" methods="2" coveredmethods="2" conditionals="0" coveredconditionals="0" statements="10" coveredstatements="10" elements="12" coveredelements="12"/>
    </file>
    <metrics files="11" loc="743" ncloc="708" classes="10" methods="49" coveredmethods="47" conditionals="0" coveredconditionals="0" statements="190" coveredstatements="187" elements="239" coveredelements="234"/>
  </project>
</coverage>
